This file contains any messages produced by compilers while
running configure, to aid debugging if configure makes a mistake.

configure:578: checking for a BSD compatible install
configure:631: checking whether build environment is sane
configure:688: checking whether make sets ${MAKE}
configure:721: checking for Cygwin environment
configure:754: checking for mingw32 environment
configure:840: checking host system type
configure:881: checking for working aclocal
configure:894: checking for working autoconf
configure:907: checking for working automake
configure:920: checking for working autoheader
configure:933: checking for working makeinfo
configure:958: checking for gcc
configure:1037: checking whether we are using GNU C
configure:1061: checking whether sh-coff-gcc -B/Users/Hippo/sunflower-simulator/tools/source/newlib-1.9.0/objdir/sh-coff/newlib/ -isystem /Users/Hippo/sunflower-simulator/tools/source/newlib-1.9.0/objdir/sh-coff/newlib/targ-include -isystem /Users/Hippo/sunflower-simulator/tools/source/newlib-1.9.0/newlib/libc/include accepts -g
configure:1094: checking build system type
configure:1115: checking for -as
configure:1147: checking for -ar
configure:1179: checking for -ranlib
configure:1256: checking for a BSD compatible install
configure:1310: checking whether to enable maintainer-specific portions of Makefiles
configure:1414: checking for build system executable suffix
clang: error: no such file or directory: 'am_c_test.c'
clang: error: no input files
