

Tag Exit{
Random seed used = [2078340415]


Tag Exit{
Node0		User Time elapsed = 0.006320 seconds.
Node0		Instruction Simulation Rate = 0.00 Cycles/Second.
Node0		"machinetype"	=	0
Node0		"Cycletrans"	=	0
Node0		"CYCLETIME"	=	1.666667E-08
Node0		NTRANS	=	0
Node0		CPU-only ETOT	=	0.000000E+00 Joules
Node0		CPU-only AVG POWER	=	0.000000E+00 Watts
Node0		"ICLK"	=	0
Node0		"CLK"	=	0
Node0		"TIME"	=	0.000000E+00
Node0		"dyncnt"	=	0
} Tag Exit.
} Tag Exit.


Tag Exit{
Random seed used = [-1910230383]


Tag Exit{
Node0		User Time elapsed = 0.005318 seconds.
Node0		Instruction Simulation Rate = 0.00 Cycles/Second.
Node0		"machinetype"	=	0
Node0		"Cycletrans"	=	0
Node0		"CYCLETIME"	=	1.666667E-08
Node0		NTRANS	=	0
Node0		CPU-only ETOT	=	0.000000E+00 Joules
Node0		CPU-only AVG POWER	=	0.000000E+00 Watts
Node0		"ICLK"	=	0
Node0		"CLK"	=	0
Node0		"TIME"	=	0.000000E+00
Node0		"dyncnt"	=	0
} Tag Exit.
} Tag Exit.


Tag Exit{
Random seed used = [1224532350]


Tag Exit{
Node0		User Time elapsed = 0.004924 seconds.
Node0		Instruction Simulation Rate = 0.00 Cycles/Second.
Node0		"machinetype"	=	0
Node0		"Cycletrans"	=	0
Node0		"CYCLETIME"	=	1.666667E-08
Node0		NTRANS	=	0
Node0		CPU-only ETOT	=	0.000000E+00 Joules
Node0		CPU-only AVG POWER	=	0.000000E+00 Watts
Node0		"ICLK"	=	0
Node0		"CLK"	=	0
Node0		"TIME"	=	0.000000E+00
Node0		"dyncnt"	=	0
} Tag Exit.
} Tag Exit.


Tag Exit{
Random seed used = [1716794674]


Tag Exit{
Node0		User Time elapsed = 0.005130 seconds.
Node0		Instruction Simulation Rate = 0.00 Cycles/Second.
Node0		"machinetype"	=	0
Node0		"Cycletrans"	=	0
Node0		"CYCLETIME"	=	2.083333E-08
Node0		NTRANS	=	0
Node0		CPU-only ETOT	=	0.000000E+00 Joules
Node0		CPU-only AVG POWER	=	0.000000E+00 Watts
Node0		"ICLK"	=	0
Node0		"CLK"	=	0
Node0		"TIME"	=	0.000000E+00
Node0		"dyncnt"	=	0
} Tag Exit.
} Tag Exit.
